Arguments: 
  C:\Program Files\nodejs\node.exe C:\Users\Рабига\AppData\Roaming\npm\node_modules\yarn\bin\yarn.js add react react-dom

PATH: 
  C:\Program Files (x86)\Common Files\Intel\Shared Libraries\redist\intel64\compiler;C:\Program Files (x86)\Common Files\Intel\Shared Libraries\redist\ia32\compiler;C:\ProgramData\Oracle\Java\javapath;C:\WINDOWS\system32;C:\WINDOWS;C:\WINDOWS\System32\Wbem;C:\WINDOWS\System32\WindowsPowerShell\v1.0\;C:\Program Files (x86)\NVIDIA Corporation\PhysX\Common;C:\WINDOWS\system32;C:\WINDOWS;C:\WINDOWS\System32\Wbem;C:\WINDOWS\System32\WindowsPowerShell\v1.0\;C:\Program Files\Java\jdk1.8.0_74\bin;C:\MongoDB\Server\3.4\bin;C:\Program Files (x86)\Microsoft SQL Server\100\Tools\Binn\VSShell\Common7\IDE\;C:\Program Files (x86)\Microsoft SQL Server\100\Tools\Binn\;C:\Program Files\Microsoft SQL Server\100\Tools\Binn\;C:\Program Files (x86)\Microsoft SQL Server\100\DTS\Binn\;C:\Program Files\Microsoft SQL Server\100\DTS\Binn\;C:\Program Files (x86)\Skype\Phone\;C:\Program Files\nodejs\;C:\Program Files\Git\cmd;C:\Program Files\MATLAB\R2015b\runtime\win64;C:\Program Files\MATLAB\R2015b\bin;C:\Program Files\MATLAB\R2015b\polyspace\bin;C:\Users\Рабига\AppData\Local\Microsoft\WindowsApps;C:\Users\Рабига\AppData\Roaming\npm;;C:\Program Files\Microsoft VS Code\bin

Yarn version: 
  1.3.2

Node version: 
  6.10.2

Platform: 
  win32 x64

npm manifest: 
  {
    "name": "react-redux",
    "version": "1.0.0",
    "description": "",
    "main": "index.js",
    "scripts": {
      "server": "nodemon --watch server --exec babel-node -- server/index.js",
      "test": "echo \"Error: no test specified\" && exit 1"
    },
    "keywords": [],
    "author": "",
    "license": "ISC",
    "devDependencies": {
      "babel-cli": "^6.26.0",
      "babel-preset-es2015": "^6.24.1",
      "nodemon": "^1.14.11"
    },
    "dependencies": {
      "express": "^4.16.2"
    }
  }

yarn manifest: 
  No manifest

Lockfile: 
  No lockfile

Trace: 
  Error: EPERM: operation not permitted, lstat 'C:\Users\Рабига\Desktop\ReactJS, Redux и ES2015 с Нуля до Гуру\react-atNight\Rem\react-redux\node_modules\babel-polyfill\node_modules\regenerator-runtime'
      at Error (native)
